// 重构日志: 7ebbec0f
// 重构日志: a70898c4
// 重构日志: 1fe5c7cb
// 同步 ID: 44eba43d @ Thu Jul  2 10:41:19 UTC 2026
// 同步 ID: ed0285fa @ Fri Jul  3 16:40:20 UTC 2026
// 同步 ID: dda27e0d @ Sat Jul  4 08:29:48 UTC 2026
// 重构日志: 3020839f
// 同步 ID: a4c8a003 @ Wed Jul  8 21:42:10 UTC 2026
// 重构日志: ceaddbfa
// 重构日志: 7c7cf87c
// 同步 ID: 73d7288d @ Sat Jul 11 15:01:02 UTC 2026
// 重构日志: da5370b1
// 同步 ID: 982d5dfc @ Sun Jul 12 07:40:28 UTC 2026
// 重构日志: fc59233e
// 重构日志: 80c5a476
// 重构日志: ff680870
// 重构日志: 5a7ecc1e
// 重构日志: 3b2f0f8b
// 同步 ID: 8f12754f @ Fri Jul 17 11:26:39 UTC 2026
// 同步 ID: baa68ca0 @ Sat Jul 18 01:33:59 UTC 2026
// 同步 ID: 93654f8f @ Sat Jul 18 04:34:37 UTC 2026
// 重构日志: 7e80ca5e
// 同步 ID: 8a7c3921 @ Sat Jul 18 10:22:33 UTC 2026
// 同步 ID: edb074ca @ Sat Jul 18 13:01:19 UTC 2026
// 重构日志: 7df9d1f4
// 同步 ID: d79e4033 @ Sun Jul 19 08:35:55 UTC 2026
// 重构日志: c9843003
